<?xml version="1.0" encoding="UTF-8"?>
<testng-results skipped="0" failed="0" ignored="0" total="1" passed="1">
  <reporter-output>
  </reporter-output>
  <suite name="Suite" duration-ms="7799" started-at="2023-08-07T10:33:41 UTC" finished-at="2023-08-07T10:33:49 UTC">
    <groups>
    </groups>
    <test name="Test" duration-ms="7799" started-at="2023-08-07T10:33:41 UTC" finished-at="2023-08-07T10:33:49 UTC">
      <class name="com.amazonproject.testcases.AmazonTypesOfProduct">
        <test-method status="PASS" signature="setUP()[pri:0, instance:com.amazonproject.testcases.AmazonTypesOfProduct@2833cc44]" name="setUP" is-config="true" duration-ms="3645" started-at="2023-08-07T10:33:41 UTC" finished-at="2023-08-07T10:33:45 UTC">
          <reporter-output>
          </reporter-output>
        </test-method> <!-- setUP -->
        <test-method status="PASS" signature="amazonWebPage()[pri:0, instance:com.amazonproject.testcases.AmazonTypesOfProduct@2833cc44]" name="amazonWebPage" duration-ms="4120" started-at="2023-08-07T10:33:45 UTC" finished-at="2023-08-07T10:33:49 UTC">
          <reporter-output>
          </reporter-output>
        </test-method> <!-- amazonWebPage -->
        <test-method status="PASS" signature="tearDown()[pri:0, instance:com.amazonproject.testcases.AmazonTypesOfProduct@2833cc44]" name="tearDown" is-config="true" duration-ms="0" started-at="2023-08-07T10:33:49 UTC" finished-at="2023-08-07T10:33:49 UTC">
          <reporter-output>
          </reporter-output>
        </test-method> <!-- tearDown -->
      </class> <!-- com.amazonproject.testcases.AmazonTypesOfProduct -->
    </test> <!-- Test -->
  </suite> <!-- Suite -->
</testng-results>
